<?xml version="1.0" encoding="UTF-8"?>
<testng-results ignored="0" total="1" passed="1" failed="0" skipped="0">
  <reporter-output>
    <line>
      <![CDATA[Hii I am a Test Case....!]]>
    </line>
  </reporter-output>
  <suite started-at="2022-01-01T22:28:10 IST" name="Default suite" finished-at="2022-01-01T22:28:24 IST" duration-ms="14015">
    <groups>
    </groups>
    <test started-at="2022-01-01T22:28:10 IST" name="Default test" finished-at="2022-01-01T22:28:24 IST" duration-ms="14015">
      <class name="Demo1">
        <test-method signature="tc()[pri:0, instance:Demo1@1139b2f3]" started-at="2022-01-01T22:28:10 IST" name="tc" finished-at="2022-01-01T22:28:24 IST" duration-ms="13930" status="PASS">
          <reporter-output>
            <line>
              <![CDATA[Hii I am a Test Case....!]]>
            </line>
          </reporter-output>
        </test-method> <!-- tc -->
      </class> <!-- Demo1 -->
    </test> <!-- Default test -->
  </suite> <!-- Default suite -->
</testng-results>
